<?xml version="1.0" encoding="UTF-8"?>
<testng-results ignored="0" total="3" passed="2" failed="1" skipped="0">
  <reporter-output>
  </reporter-output>
  <suite started-at="2021-08-30T16:18:17 WIB" name="Default suite" finished-at="2021-08-30T16:18:20 WIB" duration-ms="3385">
    <groups>
    </groups>
    <test started-at="2021-08-30T16:18:17 WIB" name="Default test" finished-at="2021-08-30T16:18:20 WIB" duration-ms="3385">
      <class name="bukalapak.pretest.APITest">
        <test-method signature="verifyDataType()[pri:0, instance:bukalapak.pretest.APITest@4a7a965d]" started-at="2021-08-30T16:18:17 WIB" name="verifyDataType" description="Verify the response data type are correct - https://jsonplaceholder.cypress.io/posts (possible error due to too much data)" finished-at="2021-08-30T16:18:19 WIB" duration-ms="1645" status="FAIL">
          <exception class="io.restassured.module.jsv.JsonSchemaValidationException">
            <message>
              <![CDATA[com.fasterxml.jackson.core.io.JsonEOFException: Unexpected end-of-input in field name
 at [Source: (StringReader); line: 1950, column: 13]]]>
            </message>
            <full-stacktrace>
              <![CDATA[io.restassured.module.jsv.JsonSchemaValidationException: com.fasterxml.jackson.core.io.JsonEOFException: Unexpected end-of-input in field name
 at [Source: (StringReader); line: 1950, column: 13]
at io.restassured.module.jsv.JsonSchemaValidator$JsonSchemaValidatorFactory.create(JsonSchemaValidator.java:286)
at io.restassured.module.jsv.JsonSchemaValidator.matchesJsonSchema(JsonSchemaValidator.java:107)
at bukalapak.pretest.APITest.verifyDataType(APITest.java:23)
at java.base/jdk.internal.reflect.NativeMethodAccessorImpl.invoke0(Native Method)
at java.base/jdk.internal.reflect.NativeMethodAccessorImpl.invoke(NativeMethodAccessorImpl.java:78)
at java.base/jdk.internal.reflect.DelegatingMethodAccessorImpl.invoke(DelegatingMethodAccessorImpl.java:43)
at java.base/java.lang.reflect.Method.invoke(Method.java:567)
at org.testng.internal.MethodInvocationHelper.invokeMethod(MethodInvocationHelper.java:133)
at org.testng.internal.TestInvoker.invokeMethod(TestInvoker.java:598)
at org.testng.internal.TestInvoker.invokeTestMethod(TestInvoker.java:173)
at org.testng.internal.MethodRunner.runInSequence(MethodRunner.java:46)
at org.testng.internal.TestInvoker$MethodInvocationAgent.invoke(TestInvoker.java:824)
at org.testng.internal.TestInvoker.invokeTestMethods(TestInvoker.java:146)
at org.testng.internal.TestMethodWorker.invokeTestMethods(TestMethodWorker.java:146)
at org.testng.internal.TestMethodWorker.run(TestMethodWorker.java:128)
at java.base/java.util.ArrayList.forEach(ArrayList.java:1511)
at org.testng.TestRunner.privateRun(TestRunner.java:794)
at org.testng.TestRunner.run(TestRunner.java:596)
at org.testng.SuiteRunner.runTest(SuiteRunner.java:377)
at org.testng.SuiteRunner.runSequentially(SuiteRunner.java:371)
at org.testng.SuiteRunner.privateRun(SuiteRunner.java:332)
at org.testng.SuiteRunner.run(SuiteRunner.java:276)
at org.testng.SuiteRunnerWorker.runSuite(SuiteRunnerWorker.java:53)
at org.testng.SuiteRunnerWorker.run(SuiteRunnerWorker.java:96)
at org.testng.TestNG.runSuitesSequentially(TestNG.java:1212)
at org.testng.TestNG.runSuitesLocally(TestNG.java:1134)
at org.testng.TestNG.runSuites(TestNG.java:1063)
at org.testng.TestNG.run(TestNG.java:1031)
at org.testng.remote.AbstractRemoteTestNG.run(AbstractRemoteTestNG.java:115)
at org.testng.remote.RemoteTestNG.initAndRun(RemoteTestNG.java:251)
at org.testng.remote.RemoteTestNG.main(RemoteTestNG.java:77)
Caused by: com.fasterxml.jackson.core.io.JsonEOFException: Unexpected end-of-input in field name
 at [Source: (StringReader); line: 1950, column: 13]
at com.fasterxml.jackson.core.base.ParserMinimalBase._reportInvalidEOF(ParserMinimalBase.java:659)
at com.fasterxml.jackson.core.json.ReaderBasedJsonParser._parseName2(ReaderBasedJsonParser.java:1751)
at com.fasterxml.jackson.core.json.ReaderBasedJsonParser._parseName(ReaderBasedJsonParser.java:1735)
at com.fasterxml.jackson.core.json.ReaderBasedJsonParser.nextFieldName(ReaderBasedJsonParser.java:936)
at com.fasterxml.jackson.databind.deser.std.BaseNodeDeserializer.deserializeObject(JsonNodeDeserializer.java:249)
at com.fasterxml.jackson.databind.deser.std.BaseNodeDeserializer.deserializeObject(JsonNodeDeserializer.java:258)
at com.fasterxml.jackson.databind.deser.std.BaseNodeDeserializer.deserializeObject(JsonNodeDeserializer.java:258)
at com.fasterxml.jackson.databind.deser.std.BaseNodeDeserializer.deserializeArray(JsonNodeDeserializer.java:437)
at com.fasterxml.jackson.databind.deser.std.BaseNodeDeserializer.deserializeObject(JsonNodeDeserializer.java:261)
at com.fasterxml.jackson.databind.deser.std.JsonNodeDeserializer.deserialize(JsonNodeDeserializer.java:68)
at com.fasterxml.jackson.databind.deser.std.JsonNodeDeserializer.deserialize(JsonNodeDeserializer.java:15)
at com.fasterxml.jackson.databind.MappingIterator.nextValue(MappingIterator.java:280)
at com.github.fge.jackson.JsonNodeReader.readNode(JsonNodeReader.java:152)
at com.github.fge.jackson.JsonNodeReader.fromReader(JsonNodeReader.java:129)
at com.github.fge.jackson.JsonLoader.fromReader(JsonLoader.java:186)
at com.github.fge.jackson.JsonLoader.fromString(JsonLoader.java:199)
at io.restassured.module.jsv.JsonSchemaValidator$1.createSchemaInstance(JsonSchemaValidator.java:105)
at io.restassured.module.jsv.JsonSchemaValidator$1.createSchemaInstance(JsonSchemaValidator.java:102)
at io.restassured.module.jsv.JsonSchemaValidator$JsonSchemaValidatorFactory.create(JsonSchemaValidator.java:284)
... 30 more
]]>
            </full-stacktrace>
          </exception> <!-- io.restassured.module.jsv.JsonSchemaValidationException -->
          <reporter-output>
          </reporter-output>
        </test-method> <!-- verifyDataType -->
        <test-method signature="verifyDataTypeSample()[pri:0, instance:bukalapak.pretest.APITest@4a7a965d]" started-at="2021-08-30T16:18:19 WIB" name="verifyDataTypeSample" description="Verify the response data type are correct - https://reqbin.com/echo/get/json" finished-at="2021-08-30T16:18:19 WIB" duration-ms="654" status="PASS">
          <reporter-output>
          </reporter-output>
        </test-method> <!-- verifyDataTypeSample -->
        <test-method signature="verifyResponse()[pri:0, instance:bukalapak.pretest.APITest@4a7a965d]" started-at="2021-08-30T16:18:19 WIB" name="verifyResponse" description="Verify the data response is correct" finished-at="2021-08-30T16:18:20 WIB" duration-ms="1055" status="PASS">
          <reporter-output>
          </reporter-output>
        </test-method> <!-- verifyResponse -->
      </class> <!-- bukalapak.pretest.APITest -->
    </test> <!-- Default test -->
  </suite> <!-- Default suite -->
</testng-results>
